<?xml version="1.0" encoding="UTF-8"?>
<testsuite name="SelectorTest" tests="1" skipped="0" failures="0" errors="0" timestamp="2019-08-16T01:15:03" hostname="JNakamura" time="0.01">
  <properties/>
  <testcase name="onDrawWinsTheFirst" classname="SelectorTest" time="0.01"/>
  <system-out><![CDATA[]]></system-out>
  <system-err><![CDATA[]]></system-err>
</testsuite>
