<?xml version="1.0" encoding="UTF-8"?>
<testsuite name="SelectorTest" tests="4" skipped="0" failures="0" errors="0" timestamp="2019-08-14T19:21:16" hostname="JNakamura" time="0.001">
  <properties/>
  <testcase name="mostVoted" classname="SelectorTest" time="0.001"/>
  <testcase name="pushQueue" classname="SelectorTest" time="0.0"/>
  <testcase name="setWinners" classname="SelectorTest" time="0.0"/>
  <testcase name="newVote" classname="SelectorTest" time="0.0"/>
  <system-out><![CDATA[]]></system-out>
  <system-err><![CDATA[]]></system-err>
</testsuite>
