<?xml version="1.0" encoding="UTF-8"?>
<testsuite name="SelectorTest" tests="1" skipped="0" failures="0" errors="0" timestamp="2019-08-15T19:10:01" hostname="JNakamura" time="0.003">
  <properties/>
  <testcase name="mostVoted" classname="SelectorTest" time="0.003"/>
  <system-out><![CDATA[]]></system-out>
  <system-err><![CDATA[]]></system-err>
</testsuite>
